[debug] [2017-10-27T14:13:26.505Z] ----------------------------------------------------------------------
[debug] [2017-10-27T14:13:26.507Z] Command:       /usr/local/bin/node /usr/local/bin/firebase deploy
[debug] [2017-10-27T14:13:26.507Z] CLI Version:   3.13.1
[debug] [2017-10-27T14:13:26.507Z] Platform:      darwin
[debug] [2017-10-27T14:13:26.507Z] Node Version:  v8.6.0
[debug] [2017-10-27T14:13:26.508Z] Time:          Fri Oct 27 2017 10:13:26 GMT-0400 (EDT)
[debug] [2017-10-27T14:13:26.508Z] ----------------------------------------------------------------------
[debug] 
[debug] [2017-10-27T14:13:26.521Z] > command requires scopes: ["email","openid","https://www.googleapis.com/auth/cloudplatformprojects.readonly","https://www.googleapis.com/auth/firebase","https://www.googleapis.com/auth/cloud-platform"]
[debug] [2017-10-27T14:13:26.521Z] > authorizing via signed-in user
[debug] [2017-10-27T14:13:26.522Z] > refreshing access token with scopes: ["email","https://www.googleapis.com/auth/cloud-platform","https://www.googleapis.com/auth/cloudplatformprojects.readonly","https://www.googleapis.com/auth/firebase","openid"]
[debug] [2017-10-27T14:13:26.522Z] >>> HTTP REQUEST POST https://www.googleapis.com/oauth2/v3/token { refresh_token: '1/ExUNpJeDESnCZEZv_RhvBIDcK8E5gYHyBW2UlbgdKcyU3dZQ1lBMAkTbE_vR5TjE',
  client_id: '563584335869-fgrhgmd47bqnekij5i8b5pr03ho849e6.apps.googleusercontent.com',
  client_secret: 'j9iVZfS8kkCEFUPaAeJV0sAi',
  grant_type: 'refresh_token',
  scope: 'email https://www.googleapis.com/auth/cloud-platform https://www.googleapis.com/auth/cloudplatformprojects.readonly https://www.googleapis.com/auth/firebase openid' } 
 Fri Oct 27 2017 10:13:26 GMT-0400 (EDT)
[debug] [2017-10-27T14:13:26.646Z] <<< HTTP RESPONSE 200
[debug] [2017-10-27T14:13:26.660Z] >>> HTTP REQUEST GET https://admin.firebase.com/v1/projects/remempathy-us  
 Fri Oct 27 2017 10:13:26 GMT-0400 (EDT)
[debug] [2017-10-27T14:13:26.999Z] <<< HTTP RESPONSE 200
[debug] [2017-10-27T14:13:26.999Z] >>> HTTP REQUEST GET https://admin.firebase.com/v1/database/remempathy-us/tokens  
 Fri Oct 27 2017 10:13:26 GMT-0400 (EDT)
[debug] [2017-10-27T14:13:27.359Z] <<< HTTP RESPONSE 200
[info] 5
[info] 
[info] === Deploying to 'remempathy-us'...
[info] 
[info] i  deploying database, storage, firestore, functions, hosting
[info] i  database: checking rules syntax...
[debug] [2017-10-27T14:13:27.811Z] >>> HTTP REQUEST PUT https://remempathy-us.firebaseio.com/.settings/rules.json?dryRun=true {
  "rules": {
    ".read": "auth != null",
    ".write": "auth != null"
  }
}
 
 Fri Oct 27 2017 10:13:27 GMT-0400 (EDT)
[debug] [2017-10-27T14:13:28.055Z] <<< HTTP RESPONSE 200
[info] ✔  database: rules syntax is valid
[debug] [2017-10-27T14:13:28.056Z] >>> HTTP REQUEST GET https://appengine.googleapis.com/v1/apps/remempathy-us  
 Fri Oct 27 2017 10:13:28 GMT-0400 (EDT)
